\BOOKMARK [0][-]{chapter*.1}{Preface}{}
\BOOKMARK [-1][-]{part.1}{I Documentation}{}
\BOOKMARK [0][-]{chapter.1}{Introduction to constraint programming and Choco}{part.1}
\BOOKMARK [1][-]{section.1.1}{About constraint programming}{chapter.1}
\BOOKMARK [2][-]{subsection.1.1.1}{Constraints}{section.1.1}
\BOOKMARK [2][-]{subsection.1.1.2}{Constraint Programming}{section.1.1}
\BOOKMARK [1][-]{section.1.2}{Modeling with Constraint programming}{chapter.1}
\BOOKMARK [2][-]{subsection.1.2.1}{The Constraint Satisfaction Problem}{section.1.2}
\BOOKMARK [2][-]{subsection.1.2.2}{Examples of CSP models}{section.1.2}
\BOOKMARK [1][-]{section.1.3}{My first Choco program: the magic square}{chapter.1}
\BOOKMARK [2][-]{subsection.1.3.1}{The magic square problem}{section.1.3}
\BOOKMARK [2][-]{subsection.1.3.2}{A mathematical model}{section.1.3}
\BOOKMARK [2][-]{subsection.1.3.3}{To Choco...}{section.1.3}
\BOOKMARK [2][-]{subsection.1.3.4}{The program}{section.1.3}
\BOOKMARK [2][-]{subsection.1.3.5}{In summary}{section.1.3}
\BOOKMARK [1][-]{section.1.4}{Complete examples}{chapter.1}
\BOOKMARK [2][-]{subsection.1.4.1}{Example 1: the n-queens problem with Choco}{section.1.4}
\BOOKMARK [2][-]{subsection.1.4.2}{Example 2: the ternary Steiner problem with Choco}{section.1.4}
\BOOKMARK [2][-]{subsection.1.4.3}{Example 3: the CycloHexane problem with Choco}{section.1.4}
\BOOKMARK [0][-]{chapter.2}{The model}{part.1}
\BOOKMARK [1][-]{section.2.1}{Variables}{chapter.2}
\BOOKMARK [2][-]{subsection.2.1.1}{Simple Variables}{section.2.1}
\BOOKMARK [2][-]{subsection.2.1.2}{Expression variables and operators}{section.2.1}
\BOOKMARK [2][-]{subsection.2.1.3}{Constant variables}{section.2.1}
\BOOKMARK [2][-]{subsection.2.1.4}{Decision/non-decision variables}{section.2.1}
\BOOKMARK [2][-]{subsection.2.1.5}{Objective variable}{section.2.1}
\BOOKMARK [2][-]{subsection.2.1.6}{Examples with variables}{section.2.1}
\BOOKMARK [1][-]{section.2.2}{Constraints}{chapter.2}
\BOOKMARK [2][-]{subsection.2.2.1}{Binary constraints}{section.2.2}
\BOOKMARK [2][-]{subsection.2.2.2}{Ternary constraints}{section.2.2}
\BOOKMARK [2][-]{subsection.2.2.3}{Constraints involving real variables}{section.2.2}
\BOOKMARK [2][-]{subsection.2.2.4}{Constraints involving set variables}{section.2.2}
\BOOKMARK [2][-]{subsection.2.2.5}{Channeling constraints}{section.2.2}
\BOOKMARK [2][-]{subsection.2.2.6}{Constraints in extension and relations}{section.2.2}
\BOOKMARK [2][-]{subsection.2.2.7}{Reified constraints}{section.2.2}
\BOOKMARK [2][-]{subsection.2.2.8}{Global constraints}{section.2.2}
\BOOKMARK [2][-]{subsection.2.2.9}{Scheduling constraints}{section.2.2}
\BOOKMARK [2][-]{subsection.2.2.10}{Sequencing constraints}{section.2.2}
\BOOKMARK [0][-]{chapter.3}{The solver}{part.1}
\BOOKMARK [1][-]{section.3.1}{Variables reading}{chapter.3}
\BOOKMARK [2][-]{subsection.3.1.1}{Solver and IntegerVariables}{section.3.1}
\BOOKMARK [2][-]{subsection.3.1.2}{Solver and SetVariables}{section.3.1}
\BOOKMARK [2][-]{subsection.3.1.3}{Solver and RealVariables}{section.3.1}
\BOOKMARK [1][-]{section.3.2}{Constraints reading}{chapter.3}
\BOOKMARK [1][-]{section.3.3}{Search Strategy}{chapter.3}
\BOOKMARK [2][-]{subsection.3.3.1}{Why is it important to define a search strategy ?}{section.3.3}
\BOOKMARK [2][-]{subsection.3.3.2}{Variable and value selection}{section.3.3}
\BOOKMARK [2][-]{subsection.3.3.3}{Building a sequence of branching object}{section.3.3}
\BOOKMARK [2][-]{subsection.3.3.4}{Dom/WDeg}{section.3.3}
\BOOKMARK [2][-]{subsection.3.3.5}{Impacts}{section.3.3}
\BOOKMARK [2][-]{subsection.3.3.6}{Restarts}{section.3.3}
\BOOKMARK [1][-]{section.3.4}{Limiting Search Space}{chapter.3}
\BOOKMARK [1][-]{section.3.5}{Solve a problem}{chapter.3}
\BOOKMARK [2][-]{subsection.3.5.1}{Solver settings}{section.3.5}
\BOOKMARK [2][-]{subsection.3.5.2}{Optimization}{section.3.5}
\BOOKMARK [0][-]{chapter.4}{Advanced uses of Choco}{part.1}
\BOOKMARK [1][-]{section.4.1}{Environment}{chapter.4}
\BOOKMARK [2][-]{subsection.4.1.1}{Copying}{section.4.1}
\BOOKMARK [2][-]{subsection.4.1.2}{Trailing}{section.4.1}
\BOOKMARK [1][-]{section.4.2}{Define your own limit search space}{chapter.4}
\BOOKMARK [1][-]{section.4.3}{Define your own search strategy}{chapter.4}
\BOOKMARK [2][-]{subsection.4.3.1}{Define your own variable selection}{section.4.3}
\BOOKMARK [2][-]{subsection.4.3.2}{Define your own value selection}{section.4.3}
\BOOKMARK [2][-]{subsection.4.3.3}{How does a search loop work ?}{section.4.3}
\BOOKMARK [2][-]{subsection.4.3.4}{How to define your own Branching object}{section.4.3}
\BOOKMARK [1][-]{section.4.4}{Define your own constraint}{chapter.4}
\BOOKMARK [2][-]{subsection.4.4.1}{The constraint hierarchy}{section.4.4}
\BOOKMARK [2][-]{subsection.4.4.2}{Example: implement and add the IsOdd constraint}{section.4.4}
\BOOKMARK [2][-]{subsection.4.4.3}{Example of an empty constraint}{section.4.4}
\BOOKMARK [1][-]{section.4.5}{Define your own operator}{chapter.4}
\BOOKMARK [1][-]{section.4.6}{Define your own variable}{chapter.4}
\BOOKMARK [1][-]{section.4.7}{Backtrackable structures}{chapter.4}
\BOOKMARK [1][-]{section.4.8}{Logging System}{chapter.4}
\BOOKMARK [0][-]{chapter.5}{Applications with global constraints}{part.1}
\BOOKMARK [1][-]{section.5.1}{Scheduling and use of the cumulative constraint}{chapter.5}
\BOOKMARK [1][-]{section.5.2}{Placement and use of the Geost constraint}{chapter.5}
\BOOKMARK [2][-]{subsection.5.2.1}{Example and way to implement it}{section.5.2}
\BOOKMARK [2][-]{subsection.5.2.2}{Support for Greedy Assignment within the geost Kernel}{section.5.2}
\BOOKMARK [0][-]{chapter.6}{Frequently Asked Questions}{part.1}
\BOOKMARK [1][-]{section.6.1}{Where can I find Choco ?}{chapter.6}
\BOOKMARK [1][-]{section.6.2}{What is the required Java version to run Choco ?}{chapter.6}
\BOOKMARK [1][-]{section.6.3}{How to add the Choco library to my project?}{chapter.6}
\BOOKMARK [1][-]{section.6.4}{Why can't I see the Choco API?}{chapter.6}
\BOOKMARK [1][-]{section.6.5}{How to know the value of my variable in the Solver ?}{chapter.6}
\BOOKMARK [1][-]{section.6.6}{How do I use constant value inside constraint ?}{chapter.6}
\BOOKMARK [1][-]{section.6.7}{How can I use Choco to solve CSP'08 benchmark ?}{chapter.6}
\BOOKMARK [1][-]{section.6.8}{How do I use the build.xml file ?}{chapter.6}
\BOOKMARK [1][-]{section.6.9}{Why do I have a error when I add my constraint ?}{chapter.6}
\BOOKMARK [1][-]{section.6.10}{How do I upgrade my program to Choco2.0 ?}{chapter.6}
\BOOKMARK [1][-]{section.6.11}{Are bounds with positive and negative infinity supported within Choco?}{chapter.6}
\BOOKMARK [-1][-]{part.2}{II Elements of Choco}{}
\BOOKMARK [0][-]{chapter.7}{Variables \(Model\)}{part.2}
\BOOKMARK [1][-]{section.7.1}{Integer variables}{chapter.7}
\BOOKMARK [1][-]{section.7.2}{Real variables}{chapter.7}
\BOOKMARK [1][-]{section.7.3}{Set variables}{chapter.7}
\BOOKMARK [0][-]{chapter.8}{Operators}{part.2}
\BOOKMARK [1][-]{section.8.1}{abs \(operator\)}{chapter.8}
\BOOKMARK [1][-]{section.8.2}{cos \(operator\)}{chapter.8}
\BOOKMARK [1][-]{section.8.3}{div \(operator\)}{chapter.8}
\BOOKMARK [1][-]{section.8.4}{FALSE \(operator\)}{chapter.8}
\BOOKMARK [1][-]{section.8.5}{ifThenElse \(operator\)}{chapter.8}
\BOOKMARK [1][-]{section.8.6}{max \(operator\)}{chapter.8}
\BOOKMARK [1][-]{section.8.7}{min \(operator\)}{chapter.8}
\BOOKMARK [1][-]{section.8.8}{minus \(operator\)}{chapter.8}
\BOOKMARK [1][-]{section.8.9}{mod \(operator\)}{chapter.8}
\BOOKMARK [1][-]{section.8.10}{mult \(operator\)}{chapter.8}
\BOOKMARK [1][-]{section.8.11}{neg \(operator\)}{chapter.8}
\BOOKMARK [1][-]{section.8.12}{plus \(operator\)}{chapter.8}
\BOOKMARK [1][-]{section.8.13}{power \(operator\)}{chapter.8}
\BOOKMARK [1][-]{section.8.14}{scalar \(operator\)}{chapter.8}
\BOOKMARK [1][-]{section.8.15}{sin \(operator\)}{chapter.8}
\BOOKMARK [1][-]{section.8.16}{sum \(operator\)}{chapter.8}
\BOOKMARK [1][-]{section.8.17}{TRUE \(operator\)}{chapter.8}
\BOOKMARK [0][-]{chapter.9}{Constraints}{part.2}
\BOOKMARK [1][-]{section.9.1}{abs \(constraint\)}{chapter.9}
\BOOKMARK [1][-]{section.9.2}{allDifferent \(constraint\)}{chapter.9}
\BOOKMARK [1][-]{section.9.3}{and \(constraint\)}{chapter.9}
\BOOKMARK [1][-]{section.9.4}{atMostNValue \(constraint\)}{chapter.9}
\BOOKMARK [1][-]{section.9.5}{boolChanneling \(constraint\)}{chapter.9}
\BOOKMARK [1][-]{section.9.6}{cumulative \(constraint\)}{chapter.9}
\BOOKMARK [1][-]{section.9.7}{disjunctive \(constraint\)}{chapter.9}
\BOOKMARK [1][-]{section.9.8}{distanceEQ \(constraint\)}{chapter.9}
\BOOKMARK [1][-]{section.9.9}{distanceGT \(constraint\)}{chapter.9}
\BOOKMARK [1][-]{section.9.10}{distanceLT \(constraint\)}{chapter.9}
\BOOKMARK [1][-]{section.9.11}{distanceNEQ \(constraint\)}{chapter.9}
\BOOKMARK [1][-]{section.9.12}{domainconstraint \(constraint\)}{chapter.9}
\BOOKMARK [1][-]{section.9.13}{eq \(constraint\)}{chapter.9}
\BOOKMARK [1][-]{section.9.14}{eqCard \(constraint\)}{chapter.9}
\BOOKMARK [1][-]{section.9.15}{equation \(constraint\)}{chapter.9}
\BOOKMARK [1][-]{section.9.16}{FALSE \(constraint\)}{chapter.9}
\BOOKMARK [1][-]{section.9.17}{feasPairAC \(constraint\)}{chapter.9}
\BOOKMARK [1][-]{section.9.18}{feasTupleAC \(constraint\)}{chapter.9}
\BOOKMARK [1][-]{section.9.19}{feasTupleFC \(constraint\)}{chapter.9}
\BOOKMARK [1][-]{section.9.20}{geost \(constraint\)}{chapter.9}
\BOOKMARK [1][-]{section.9.21}{geq \(constraint\)}{chapter.9}
\BOOKMARK [1][-]{section.9.22}{geqCard \(constraint\)}{chapter.9}
\BOOKMARK [1][-]{section.9.23}{globalCardinality \(constraint\)}{chapter.9}
\BOOKMARK [1][-]{section.9.24}{gt \(constraint\)}{chapter.9}
\BOOKMARK [1][-]{section.9.25}{ifOnlyIf \(constraint\)}{chapter.9}
\BOOKMARK [1][-]{section.9.26}{ifThenElse \(constraint\)}{chapter.9}
\BOOKMARK [1][-]{section.9.27}{implies \(constraint\)}{chapter.9}
\BOOKMARK [1][-]{section.9.28}{infeasPairAC \(constraint\)}{chapter.9}
\BOOKMARK [1][-]{section.9.29}{infeasTupleAC \(constraint\)}{chapter.9}
\BOOKMARK [1][-]{section.9.30}{infeasTupleFC \(constraint\)}{chapter.9}
\BOOKMARK [1][-]{section.9.31}{intDiv \(constraint\)}{chapter.9}
\BOOKMARK [1][-]{section.9.32}{inverseChanneling \(constraint\)}{chapter.9}
\BOOKMARK [1][-]{section.9.33}{isIncluded \(constraint\)}{chapter.9}
\BOOKMARK [1][-]{section.9.34}{isNotIncluded \(constraint\)}{chapter.9}
\BOOKMARK [1][-]{section.9.35}{leq \(constraint\)}{chapter.9}
\BOOKMARK [1][-]{section.9.36}{leqCard \(constraint\)}{chapter.9}
\BOOKMARK [1][-]{section.9.37}{lex \(constraint\)}{chapter.9}
\BOOKMARK [1][-]{section.9.38}{lexChain \(constraint\)}{chapter.9}
\BOOKMARK [1][-]{section.9.39}{lexChainEq \(constraint\)}{chapter.9}
\BOOKMARK [1][-]{section.9.40}{lexeq \(constraint\)}{chapter.9}
\BOOKMARK [1][-]{section.9.41}{leximin \(constraint\)}{chapter.9}
\BOOKMARK [1][-]{section.9.42}{lt \(constraint\)}{chapter.9}
\BOOKMARK [1][-]{section.9.43}{max \(constraint\)}{chapter.9}
\BOOKMARK [2][-]{subsection.9.43.1}{max of a list}{section.9.43}
\BOOKMARK [2][-]{subsection.9.43.2}{max of a set}{section.9.43}
\BOOKMARK [1][-]{section.9.44}{member \(constraint\)}{chapter.9}
\BOOKMARK [1][-]{section.9.45}{min \(constraint\)}{chapter.9}
\BOOKMARK [2][-]{subsection.9.45.1}{min of a list}{section.9.45}
\BOOKMARK [2][-]{subsection.9.45.2}{min of a set}{section.9.45}
\BOOKMARK [1][-]{section.9.46}{mod \(constraint\)}{chapter.9}
\BOOKMARK [1][-]{section.9.47}{multiCostRegular \(constraint\)}{chapter.9}
\BOOKMARK [1][-]{section.9.48}{neq \(constraint\)}{chapter.9}
\BOOKMARK [1][-]{section.9.49}{neqCard \(constraint\)}{chapter.9}
\BOOKMARK [1][-]{section.9.50}{not \(constraint\)}{chapter.9}
\BOOKMARK [1][-]{section.9.51}{notMember \(constraint\)}{chapter.9}
\BOOKMARK [1][-]{section.9.52}{nth \(constraint\)}{chapter.9}
\BOOKMARK [1][-]{section.9.53}{occurrence \(constraint\)}{chapter.9}
\BOOKMARK [1][-]{section.9.54}{occurrenceMax \(constraint\)}{chapter.9}
\BOOKMARK [1][-]{section.9.55}{occurrenceMin \(constraint\)}{chapter.9}
\BOOKMARK [1][-]{section.9.56}{oppositeSign \(constraint\)}{chapter.9}
\BOOKMARK [1][-]{section.9.57}{or \(constraint\)}{chapter.9}
\BOOKMARK [1][-]{section.9.58}{pack \(constraint\)}{chapter.9}
\BOOKMARK [1][-]{section.9.59}{precedenceReified \(constraint\)}{chapter.9}
\BOOKMARK [1][-]{section.9.60}{regular \(constraint\)}{chapter.9}
\BOOKMARK [1][-]{section.9.61}{reifiedIntConstraint \(constraint\)}{chapter.9}
\BOOKMARK [1][-]{section.9.62}{relationPairAC \(constraint\)}{chapter.9}
\BOOKMARK [1][-]{section.9.63}{relationTupleAC \(constraint\)}{chapter.9}
\BOOKMARK [1][-]{section.9.64}{relationTupleFC \(constraint\)}{chapter.9}
\BOOKMARK [1][-]{section.9.65}{sameSign \(constraint\)}{chapter.9}
\BOOKMARK [1][-]{section.9.66}{setDisjoint \(constraint\)}{chapter.9}
\BOOKMARK [1][-]{section.9.67}{setInter \(constraint\)}{chapter.9}
\BOOKMARK [1][-]{section.9.68}{setUnion \(constraint\)}{chapter.9}
\BOOKMARK [1][-]{section.9.69}{sorting \(constraint\)}{chapter.9}
\BOOKMARK [1][-]{section.9.70}{stretchPath \(constraint\)}{chapter.9}
\BOOKMARK [1][-]{section.9.71}{times \(constraint\)}{chapter.9}
\BOOKMARK [1][-]{section.9.72}{tree \(constraint\)}{chapter.9}
\BOOKMARK [1][-]{section.9.73}{TRUE \(constraint\)}{chapter.9}
\BOOKMARK [1][-]{section.9.74}{xnor \(constraint\)}{chapter.9}
\BOOKMARK [1][-]{section.9.75}{xor \(constraint\)}{chapter.9}
\BOOKMARK [-1][-]{part.3}{III Tutorials}{}
\BOOKMARK [0][-]{chapter.10}{Getting started: welcome to Choco}{part.3}
\BOOKMARK [1][-]{section.10.1}{Before starting}{chapter.10}
\BOOKMARK [1][-]{section.10.2}{Download Choco}{chapter.10}
\BOOKMARK [0][-]{chapter.11}{First Example: Magic square}{part.3}
\BOOKMARK [1][-]{section.11.1}{First, the model}{chapter.11}
\BOOKMARK [1][-]{section.11.2}{Then, the solver}{chapter.11}
\BOOKMARK [1][-]{section.11.3}{Conclusion}{chapter.11}
\BOOKMARK [0][-]{chapter.12}{Exercises}{part.3}
\BOOKMARK [1][-]{section.12.1}{I'm new to CP}{chapter.12}
\BOOKMARK [2][-]{subsection.12.1.1}{Exercise 1.1 \(A soft start\)}{section.12.1}
\BOOKMARK [2][-]{subsection.12.1.2}{Exercise 1.2 \(DONALD + GERALD = ROBERT\)}{section.12.1}
\BOOKMARK [2][-]{subsection.12.1.3}{Exercise 1.3 \(A famous example. . . a sudoku grid\)}{section.12.1}
\BOOKMARK [2][-]{subsection.12.1.4}{Exercise 1.4 \(The knapsack problem\)}{section.12.1}
\BOOKMARK [2][-]{subsection.12.1.5}{Exercise 1.5 \(The n-queens problem\)}{section.12.1}
\BOOKMARK [1][-]{section.12.2}{I know CP}{chapter.12}
\BOOKMARK [2][-]{subsection.12.2.1}{Exercise 2.1 \(Bin packing, cumulative and search strategies\)}{section.12.2}
\BOOKMARK [2][-]{subsection.12.2.2}{Exercise 2.2 \(Social golfer\)}{section.12.2}
\BOOKMARK [2][-]{subsection.12.2.3}{Exercise 2.3 \(Golomb rule\)}{section.12.2}
\BOOKMARK [1][-]{section.12.3}{I know CP and Choco}{chapter.12}
\BOOKMARK [2][-]{subsection.12.3.1}{Exercise 3.1 \(Hamiltonian Cycle Problem Traveling Salesman Problem\)}{section.12.3}
\BOOKMARK [2][-]{subsection.12.3.2}{Exercise 3.2 \(Shop scheduling\)}{section.12.3}
\BOOKMARK [0][-]{chapter.13}{Solutions}{part.3}
\BOOKMARK [1][-]{section.13.1}{I'm new to CP}{chapter.13}
\BOOKMARK [2][-]{subsection.13.1.1}{Solution of Exercise 1.1 \(A soft start\)}{section.13.1}
\BOOKMARK [2][-]{subsection.13.1.2}{Solution of Exercise 1.2 \(DONALD + GERALD = ROBERT\)}{section.13.1}
\BOOKMARK [2][-]{subsection.13.1.3}{Solution of Exercise 1.3 \(A famous example. . . a sudoku grid\)}{section.13.1}
\BOOKMARK [2][-]{subsection.13.1.4}{Solution of Exercise 1.4 \(The knapsack problem\)}{section.13.1}
\BOOKMARK [2][-]{subsection.13.1.5}{Solution of Exercise 1.5 \(The n-queens problem\)}{section.13.1}
\BOOKMARK [1][-]{section.13.2}{I know CP}{chapter.13}
\BOOKMARK [2][-]{subsection.13.2.1}{Solution of Exercise 2.1 \(Bin packing, cumulative and search strategies\)}{section.13.2}
\BOOKMARK [2][-]{subsection.13.2.2}{Solution of Exercise 2.2 \(Social golfer\)}{section.13.2}
\BOOKMARK [2][-]{subsection.13.2.3}{Solution of Exercise 2.3 \(Golomb rule\)}{section.13.2}
\BOOKMARK [1][-]{section.13.3}{I know CP and Choco2.0}{chapter.13}
\BOOKMARK [2][-]{subsection.13.3.1}{Solution of Exercise 3.1 \(Hamiltonian Cycle Problem Traveling Salesman Problem\)}{section.13.3}
\BOOKMARK [2][-]{subsection.13.3.2}{Solution of Exercise 3.2 \(Shop scheduling\)}{section.13.3}
\BOOKMARK [-1][-]{part.4}{IV Extras}{}
\BOOKMARK [0][-]{chapter.14}{Choco and Visu}{part.4}
\BOOKMARK [1][-]{section.14.1}{Why?}{chapter.14}
\BOOKMARK [1][-]{section.14.2}{The visu package}{chapter.14}
\BOOKMARK [1][-]{section.14.3}{Steps to use the Visu}{chapter.14}
\BOOKMARK [2][-]{subsection.14.3.1}{Visu creation}{section.14.3}
\BOOKMARK [2][-]{subsection.14.3.2}{Adding panel}{section.14.3}
\BOOKMARK [1][-]{section.14.4}{Examples}{chapter.14}
\BOOKMARK [0][-]{chapter.15}{Sudoku and Constraint Programming}{part.4}
\BOOKMARK [1][-]{section.15.1}{Sudoku ?!?}{chapter.15}
\BOOKMARK [2][-]{subsection.15.1.1}{Solving sudokus}{section.15.1}
\BOOKMARK [1][-]{section.15.2}{Sudoku and Artificial Intelligence}{chapter.15}
\BOOKMARK [2][-]{subsection.15.2.1}{Simple rules: single candidate and single position}{section.15.2}
\BOOKMARK [2][-]{subsection.15.2.2}{Human reasoning principles}{section.15.2}
\BOOKMARK [2][-]{subsection.15.2.3}{Towards Constraint Programming}{section.15.2}
\BOOKMARK [1][-]{section.15.3}{See also}{chapter.15}
